<html>
<head>
<title>TestNG:  Default test</title>
<link href="../testng.css" rel="stylesheet" type="text/css" />
<link href="../my-testng.css" rel="stylesheet" type="text/css" />

<style type="text/css">
.log { display: none;} 
.stack-trace { display: none;} 
</style>
<script type="text/javascript">
<!--
function flip(e) {
  current = e.style.display;
  if (current == 'block') {
    e.style.display = 'none';
    return 0;
  }
  else {
    e.style.display = 'block';
    return 1;
  }
}

function toggleBox(szDivId, elem, msg1, msg2)
{
  var res = -1;  if (document.getElementById) {
    res = flip(document.getElementById(szDivId));
  }
  else if (document.all) {
    // this is the way old msie versions work
    res = flip(document.all[szDivId]);
  }
  if(elem) {
    if(res == 0) elem.innerHTML = msg1; else elem.innerHTML = msg2;
  }

}

function toggleAllBoxes() {
  if (document.getElementsByTagName) {
    d = document.getElementsByTagName('div');
    for (i = 0; i < d.length; i++) {
      if (d[i].className == 'log') {
        flip(d[i]);
      }
    }
  }
}

// -->
</script>

</head>
<body>
<h2 align='center'>Default test</h2><table border='1' align="center">
<tr>
<td>Tests passed/Failed/Skipped:</td><td>28/0/0</td>
</tr><tr>
<td>Started on:</td><td>Fri Jul 10 09:51:36 BRT 2015</td>
</tr>
<tr><td>Total time:</td><td>2 seconds (2362 ms)</td>
</tr><tr>
<td>Included groups:</td><td></td>
</tr><tr>
<td>Excluded groups:</td><td></td>
</tr>
</table><p/>
<small><i>(Hover the method name to see the test class name)</i></small><p/>
<table width='100%' border='1' class='invocation-passed'>
<tr><td colspan='4' align='center'><b>PASSED TESTS</b></td></tr>
<tr><td><b>Test method</b></td>
<td width="30%"><b>Exception</b></td>
<td width="10%"><b>Time (seconds)</b></td>
<td><b>Instance</b></td>
</tr>
<tr>
<td title='compilador.TestesCompilador.compilingCode_throwsUndeclaredVariableException_ifReadingUndifinedVariable()'><b>compilingCode_throwsUndeclaredVariableException_ifReadingUndifinedVariable</b><br>Test class: compilador.TestesCompilador</td>
<td><div><pre>compilador.exceptions.UndeclaredVariableException: 1:8 undeclared variable &lt;x&gt;
	at compilador.MyVisitor.requireVariableIndex(MyVisitor.java:219)
	at compilador.MyVisitor.visitVariavel(MyVisitor.java:170)
	at compilador.MyVisitor.visitVariavel(MyVisitor.java:1)
	at compiladorAntLr.GramaticaParser$VariavelContext.accept(GramaticaParser.java:2225)
	at org.antlr.v4.runtime.tree.AbstractParseTreeVisitor.visitChildren(AbstractParseTreeVisitor.java:70)
	at compiladorAntLr.GramaticaBaseVisitor.visitValor(GramaticaBaseVisitor.java:301)
	at compiladorAntLr.GramaticaParser$ValorContext.accept(GramaticaParser.java:2030)
	at org.antlr.v4.runtime.tree.AbstractParseTreeVisitor.visitChildren(AbstractParseTreeVisitor.java:70)
	at compiladorAntLr.GramaticaBaseVisitor.visitOpMatematica(GramaticaBaseVisitor.java:238)
	at compiladorAntLr.GramaticaParser$OpMatematicaContext.accept(GramaticaParser.java:1836)
	at org.antlr.v4.runtime.tree.AbstractParseTreeVisitor.visit(AbstractParseTreeVisitor.java:42)
	at compilador.MyVisitor.visitPrintln(MyVisitor.java:79)
	at compilador.MyVisitor.visitPrintln(MyVisitor.java:1)
	at compiladorAntLr.GramaticaParser$PrintlnContext.accept(GramaticaParser.java:419)
	at org.antlr.v4.runtime.tree.AbstractParseTreeVisitor.visitChildren(AbstractParseTreeVisitor.java:70)
	at compiladorAntLr.GramaticaBaseVisitor.visitTestes(GramaticaBaseVisitor.java:56)
	at compiladorAntLr.GramaticaParser$TestesContext.accept(GramaticaParser.java:359)
	at org.antlr.v4.runtime.tree.AbstractParseTreeVisitor.visitChildren(AbstractParseTreeVisitor.java:70)
	at compiladorAntLr.GramaticaBaseVisitor.visitMainStatement(GramaticaBaseVisitor.java:49)
	at compiladorAntLr.GramaticaParser$MainStatementContext.accept(GramaticaParser.java:294)
	at org.antlr.v4.runtime.tree.AbstractParseTreeVisitor.visit(AbstractParseTreeVisitor.java:42)
	at compilador.MyVisitor.visitTeste(MyVisitor.java:299)
	at compilador.MyVisitor.visitTeste(MyVisitor.java:1)
	at compiladorAntLr.GramaticaParser$TesteContext.accept(GramaticaParser.java:152)
	at org.antlr.v4.runtime.tree.AbstractParseTreeVisitor.visit(AbstractParseTreeVisitor.java:42)
	at compilador.Main.compile(Main.java:25)
	at compilador.TestesCompilador.compileAndRun(TestesCompilador.java:143)
	at compilador.TestesCompilador.compilingCode_throwsUndeclaredVariableException_ifReadingUndifinedVariable(TestesCompilador.java:63)
	at sun.reflect.NativeMethodAccessorImpl.invoke0(Native Method)
	at sun.reflect.NativeMethodAccessorImpl.invoke(NativeMethodAccessorImpl.java:57)
	at sun.reflect.DelegatingMethodAccessorImpl.invoke(DelegatingMethodAccessorImpl.java:43)
	at java.lang.reflect.Method.invoke(Method.java:606)
	at org.testng.internal.MethodInvocationHelper.invokeMethod(MethodInvocationHelper.java:85)
	at org.testng.internal.Invoker.invokeMethod(Invoker.java:648)
	at org.testng.internal.Invoker.invokeTestMethod(Invoker.java:834)
	at org.testng.internal.Invoker.invokeTestMethods(Invoker.java:1142)
	at org.testng.internal.TestMethodWorker.invokeTestMethods(TestMethodWorker.java:124)
	at org.testng.internal.TestMethodWorker.run(TestMethodWorker.java:108)
	at org.testng.TestRunner.privateRun(TestRunner.java:771)
	at org.testng.TestRunner.run(TestRunner.java:621)
	at org.testng.SuiteRunner.runTest(SuiteRunner.java:357)
	at org.testng.SuiteRunner.runSequentially(SuiteRunner.java:352)
	at org.testng.SuiteRunner.privateRun(SuiteRunner.java:310)
	at org.testng.SuiteRunner.run(SuiteRunner.java:259)
	at org.testng.SuiteRunnerWorker.runSuite(SuiteRunnerWorker.java:52)
	at org.testng.SuiteRunnerWorker.run(SuiteRunnerWorker.java:86)
	at org.testng.TestNG.runSuitesSequentially(TestNG.java:1176)
	at org.testng.TestNG.runSuitesLocally(TestNG.java:1101)
	at org.testng.TestNG.run(TestNG.java:1009)
	at org.testng.remote.RemoteTestNG.run(RemoteTestNG.java:111)
	at org.testng.remote.RemoteTestNG.initAndRun(RemoteTestNG.java:204)
	at org.testng.remote.RemoteTestNG.main(RemoteTestNG.java:175)
</pre></div><a href='#' onClick='toggleBox("stack-trace464724543", this, "Click to show all stack frames", "Click to hide stack frames")'>Click to show all stack frames</a>
<div class='stack-trace' id='stack-trace464724543'><pre>compilador.exceptions.UndeclaredVariableException: 1:8 undeclared variable &lt;x&gt;
	at compilador.MyVisitor.requireVariableIndex(MyVisitor.java:219)
	at compilador.MyVisitor.visitVariavel(MyVisitor.java:170)
	at compilador.MyVisitor.visitVariavel(MyVisitor.java:1)
	at compiladorAntLr.GramaticaParser$VariavelContext.accept(GramaticaParser.java:2225)
	at org.antlr.v4.runtime.tree.AbstractParseTreeVisitor.visitChildren(AbstractParseTreeVisitor.java:70)
	at compiladorAntLr.GramaticaBaseVisitor.visitValor(GramaticaBaseVisitor.java:301)
	at compiladorAntLr.GramaticaParser$ValorContext.accept(GramaticaParser.java:2030)
	at org.antlr.v4.runtime.tree.AbstractParseTreeVisitor.visitChildren(AbstractParseTreeVisitor.java:70)
	at compiladorAntLr.GramaticaBaseVisitor.visitOpMatematica(GramaticaBaseVisitor.java:238)
	at compiladorAntLr.GramaticaParser$OpMatematicaContext.accept(GramaticaParser.java:1836)
	at org.antlr.v4.runtime.tree.AbstractParseTreeVisitor.visit(AbstractParseTreeVisitor.java:42)
	at compilador.MyVisitor.visitPrintln(MyVisitor.java:79)
	at compilador.MyVisitor.visitPrintln(MyVisitor.java:1)
	at compiladorAntLr.GramaticaParser$PrintlnContext.accept(GramaticaParser.java:419)
	at org.antlr.v4.runtime.tree.AbstractParseTreeVisitor.visitChildren(AbstractParseTreeVisitor.java:70)
	at compiladorAntLr.GramaticaBaseVisitor.visitTestes(GramaticaBaseVisitor.java:56)
	at compiladorAntLr.GramaticaParser$TestesContext.accept(GramaticaParser.java:359)
	at org.antlr.v4.runtime.tree.AbstractParseTreeVisitor.visitChildren(AbstractParseTreeVisitor.java:70)
	at compiladorAntLr.GramaticaBaseVisitor.visitMainStatement(GramaticaBaseVisitor.java:49)
	at compiladorAntLr.GramaticaParser$MainStatementContext.accept(GramaticaParser.java:294)
	at org.antlr.v4.runtime.tree.AbstractParseTreeVisitor.visit(AbstractParseTreeVisitor.java:42)
	at compilador.MyVisitor.visitTeste(MyVisitor.java:299)
	at compilador.MyVisitor.visitTeste(MyVisitor.java:1)
	at compiladorAntLr.GramaticaParser$TesteContext.accept(GramaticaParser.java:152)
	at org.antlr.v4.runtime.tree.AbstractParseTreeVisitor.visit(AbstractParseTreeVisitor.java:42)
	at compilador.Main.compile(Main.java:25)
	at compilador.TestesCompilador.compileAndRun(TestesCompilador.java:143)
	at compilador.TestesCompilador.compilingCode_throwsUndeclaredVariableException_ifReadingUndifinedVariable(TestesCompilador.java:63)
	at sun.reflect.NativeMethodAccessorImpl.invoke0(Native Method)
	at sun.reflect.NativeMethodAccessorImpl.invoke(NativeMethodAccessorImpl.java:57)
	at sun.reflect.DelegatingMethodAccessorImpl.invoke(DelegatingMethodAccessorImpl.java:43)
	at java.lang.reflect.Method.invoke(Method.java:606)
	at org.testng.internal.MethodInvocationHelper.invokeMethod(MethodInvocationHelper.java:85)
	at org.testng.internal.Invoker.invokeMethod(Invoker.java:648)
	at org.testng.internal.Invoker.invokeTestMethod(Invoker.java:834)
	at org.testng.internal.Invoker.invokeTestMethods(Invoker.java:1142)
	at org.testng.internal.TestMethodWorker.invokeTestMethods(TestMethodWorker.java:124)
	at org.testng.internal.TestMethodWorker.run(TestMethodWorker.java:108)
	at org.testng.TestRunner.privateRun(TestRunner.java:771)
	at org.testng.TestRunner.run(TestRunner.java:621)
	at org.testng.SuiteRunner.runTest(SuiteRunner.java:357)
	at org.testng.SuiteRunner.runSequentially(SuiteRunner.java:352)
	at org.testng.SuiteRunner.privateRun(SuiteRunner.java:310)
	at org.testng.SuiteRunner.run(SuiteRunner.java:259)
	at org.testng.SuiteRunnerWorker.runSuite(SuiteRunnerWorker.java:52)
	at org.testng.SuiteRunnerWorker.run(SuiteRunnerWorker.java:86)
	at org.testng.TestNG.runSuitesSequentially(TestNG.java:1176)
	at org.testng.TestNG.runSuitesLocally(TestNG.java:1101)
	at org.testng.TestNG.run(TestNG.java:1009)
	at org.testng.remote.RemoteTestNG.run(RemoteTestNG.java:111)
	at org.testng.remote.RemoteTestNG.initAndRun(RemoteTestNG.java:204)
	at org.testng.remote.RemoteTestNG.main(RemoteTestNG.java:175)
</pre></div></td>
<td>0</td>
<td>compilador.TestesCompilador@59930b4b</td></tr>
<tr>
<td title='compilador.TestesCompilador.compilingCode_throwsUndeclaredVariableException_ifWritingUndifinedVariable()'><b>compilingCode_throwsUndeclaredVariableException_ifWritingUndifinedVariable</b><br>Test class: compilador.TestesCompilador</td>
<td><div><pre>compilador.exceptions.UndeclaredVariableException: 1:0 undeclared variable &lt;x&gt;
	at compilador.MyVisitor.requireVariableIndex(MyVisitor.java:219)
	at compilador.MyVisitor.visitVarAtribuicao(MyVisitor.java:194)
	at compilador.MyVisitor.visitVarAtribuicao(MyVisitor.java:1)
	at compiladorAntLr.GramaticaParser$VarAtribuicaoContext.accept(GramaticaParser.java:808)
	at org.antlr.v4.runtime.tree.AbstractParseTreeVisitor.visitChildren(AbstractParseTreeVisitor.java:70)
	at compiladorAntLr.GramaticaBaseVisitor.visitMethodAtribs(GramaticaBaseVisitor.java:91)
	at compiladorAntLr.GramaticaParser$MethodAtribsContext.accept(GramaticaParser.java:624)
	at org.antlr.v4.runtime.tree.AbstractParseTreeVisitor.visitChildren(AbstractParseTreeVisitor.java:70)
	at compiladorAntLr.GramaticaBaseVisitor.visitTestes(GramaticaBaseVisitor.java:56)
	at compiladorAntLr.GramaticaParser$TestesContext.accept(GramaticaParser.java:359)
	at org.antlr.v4.runtime.tree.AbstractParseTreeVisitor.visitChildren(AbstractParseTreeVisitor.java:70)
	at compiladorAntLr.GramaticaBaseVisitor.visitMainStatement(GramaticaBaseVisitor.java:49)
	at compiladorAntLr.GramaticaParser$MainStatementContext.accept(GramaticaParser.java:294)
	at org.antlr.v4.runtime.tree.AbstractParseTreeVisitor.visit(AbstractParseTreeVisitor.java:42)
	at compilador.MyVisitor.visitTeste(MyVisitor.java:299)
	at compilador.MyVisitor.visitTeste(MyVisitor.java:1)
	at compiladorAntLr.GramaticaParser$TesteContext.accept(GramaticaParser.java:152)
	at org.antlr.v4.runtime.tree.AbstractParseTreeVisitor.visit(AbstractParseTreeVisitor.java:42)
	at compilador.Main.compile(Main.java:25)
	at compilador.TestesCompilador.compileAndRun(TestesCompilador.java:143)
	at compilador.TestesCompilador.compilingCode_throwsUndeclaredVariableException_ifWritingUndifinedVariable(TestesCompilador.java:72)
	at sun.reflect.NativeMethodAccessorImpl.invoke0(Native Method)
	at sun.reflect.NativeMethodAccessorImpl.invoke(NativeMethodAccessorImpl.java:57)
	at sun.reflect.DelegatingMethodAccessorImpl.invoke(DelegatingMethodAccessorImpl.java:43)
	at java.lang.reflect.Method.invoke(Method.java:606)
	at org.testng.internal.MethodInvocationHelper.invokeMethod(MethodInvocationHelper.java:85)
	at org.testng.internal.Invoker.invokeMethod(Invoker.java:648)
	at org.testng.internal.Invoker.invokeTestMethod(Invoker.java:834)
	at org.testng.internal.Invoker.invokeTestMethods(Invoker.java:1142)
	at org.testng.internal.TestMethodWorker.invokeTestMethods(TestMethodWorker.java:124)
	at org.testng.internal.TestMethodWorker.run(TestMethodWorker.java:108)
	at org.testng.TestRunner.privateRun(TestRunner.java:771)
	at org.testng.TestRunner.run(TestRunner.java:621)
	at org.testng.SuiteRunner.runTest(SuiteRunner.java:357)
	at org.testng.SuiteRunner.runSequentially(SuiteRunner.java:352)
	at org.testng.SuiteRunner.privateRun(SuiteRunner.java:310)
	at org.testng.SuiteRunner.run(SuiteRunner.java:259)
	at org.testng.SuiteRunnerWorker.runSuite(SuiteRunnerWorker.java:52)
	at org.testng.SuiteRunnerWorker.run(SuiteRunnerWorker.java:86)
	at org.testng.TestNG.runSuitesSequentially(TestNG.java:1176)
	at org.testng.TestNG.runSuitesLocally(TestNG.java:1101)
	at org.testng.TestNG.run(TestNG.java:1009)
	at org.testng.remote.RemoteTestNG.run(RemoteTestNG.java:111)
	at org.testng.remote.RemoteTestNG.initAndRun(RemoteTestNG.java:204)
	at org.testng.remote.RemoteTestNG.main(RemoteTestNG.java:175)
</pre></div><a href='#' onClick='toggleBox("stack-trace1158703507", this, "Click to show all stack frames", "Click to hide stack frames")'>Click to show all stack frames</a>
<div class='stack-trace' id='stack-trace1158703507'><pre>compilador.exceptions.UndeclaredVariableException: 1:0 undeclared variable &lt;x&gt;
	at compilador.MyVisitor.requireVariableIndex(MyVisitor.java:219)
	at compilador.MyVisitor.visitVarAtribuicao(MyVisitor.java:194)
	at compilador.MyVisitor.visitVarAtribuicao(MyVisitor.java:1)
	at compiladorAntLr.GramaticaParser$VarAtribuicaoContext.accept(GramaticaParser.java:808)
	at org.antlr.v4.runtime.tree.AbstractParseTreeVisitor.visitChildren(AbstractParseTreeVisitor.java:70)
	at compiladorAntLr.GramaticaBaseVisitor.visitMethodAtribs(GramaticaBaseVisitor.java:91)
	at compiladorAntLr.GramaticaParser$MethodAtribsContext.accept(GramaticaParser.java:624)
	at org.antlr.v4.runtime.tree.AbstractParseTreeVisitor.visitChildren(AbstractParseTreeVisitor.java:70)
	at compiladorAntLr.GramaticaBaseVisitor.visitTestes(GramaticaBaseVisitor.java:56)
	at compiladorAntLr.GramaticaParser$TestesContext.accept(GramaticaParser.java:359)
	at org.antlr.v4.runtime.tree.AbstractParseTreeVisitor.visitChildren(AbstractParseTreeVisitor.java:70)
	at compiladorAntLr.GramaticaBaseVisitor.visitMainStatement(GramaticaBaseVisitor.java:49)
	at compiladorAntLr.GramaticaParser$MainStatementContext.accept(GramaticaParser.java:294)
	at org.antlr.v4.runtime.tree.AbstractParseTreeVisitor.visit(AbstractParseTreeVisitor.java:42)
	at compilador.MyVisitor.visitTeste(MyVisitor.java:299)
	at compilador.MyVisitor.visitTeste(MyVisitor.java:1)
	at compiladorAntLr.GramaticaParser$TesteContext.accept(GramaticaParser.java:152)
	at org.antlr.v4.runtime.tree.AbstractParseTreeVisitor.visit(AbstractParseTreeVisitor.java:42)
	at compilador.Main.compile(Main.java:25)
	at compilador.TestesCompilador.compileAndRun(TestesCompilador.java:143)
	at compilador.TestesCompilador.compilingCode_throwsUndeclaredVariableException_ifWritingUndifinedVariable(TestesCompilador.java:72)
	at sun.reflect.NativeMethodAccessorImpl.invoke0(Native Method)
	at sun.reflect.NativeMethodAccessorImpl.invoke(NativeMethodAccessorImpl.java:57)
	at sun.reflect.DelegatingMethodAccessorImpl.invoke(DelegatingMethodAccessorImpl.java:43)
	at java.lang.reflect.Method.invoke(Method.java:606)
	at org.testng.internal.MethodInvocationHelper.invokeMethod(MethodInvocationHelper.java:85)
	at org.testng.internal.Invoker.invokeMethod(Invoker.java:648)
	at org.testng.internal.Invoker.invokeTestMethod(Invoker.java:834)
	at org.testng.internal.Invoker.invokeTestMethods(Invoker.java:1142)
	at org.testng.internal.TestMethodWorker.invokeTestMethods(TestMethodWorker.java:124)
	at org.testng.internal.TestMethodWorker.run(TestMethodWorker.java:108)
	at org.testng.TestRunner.privateRun(TestRunner.java:771)
	at org.testng.TestRunner.run(TestRunner.java:621)
	at org.testng.SuiteRunner.runTest(SuiteRunner.java:357)
	at org.testng.SuiteRunner.runSequentially(SuiteRunner.java:352)
	at org.testng.SuiteRunner.privateRun(SuiteRunner.java:310)
	at org.testng.SuiteRunner.run(SuiteRunner.java:259)
	at org.testng.SuiteRunnerWorker.runSuite(SuiteRunnerWorker.java:52)
	at org.testng.SuiteRunnerWorker.run(SuiteRunnerWorker.java:86)
	at org.testng.TestNG.runSuitesSequentially(TestNG.java:1176)
	at org.testng.TestNG.runSuitesLocally(TestNG.java:1101)
	at org.testng.TestNG.run(TestNG.java:1009)
	at org.testng.remote.RemoteTestNG.run(RemoteTestNG.java:111)
	at org.testng.remote.RemoteTestNG.initAndRun(RemoteTestNG.java:204)
	at org.testng.remote.RemoteTestNG.main(RemoteTestNG.java:175)
</pre></div></td>
<td>0</td>
<td>compilador.TestesCompilador@59930b4b</td></tr>
<tr>
<td title='compilador.TestesCompilador.compilingCode_throwsVariableAlreadyDefinedException_whenDefinigAlreadyDefinedVariable()'><b>compilingCode_throwsVariableAlreadyDefinedException_whenDefinigAlreadyDefinedVariable</b><br>Test class: compilador.TestesCompilador</td>
<td><div><pre>compilador.exceptions.VariableAlreadyDefinedException: 2:4 variable already defined: &lt;x&gt;
	at compilador.MyVisitor.visitVarDeclaracao(MyVisitor.java:181)
	at compilador.MyVisitor.visitVarDeclaracao(MyVisitor.java:1)
	at compiladorAntLr.GramaticaParser$VarDeclaracaoContext.accept(GramaticaParser.java:696)
	at org.antlr.v4.runtime.tree.AbstractParseTreeVisitor.visitChildren(AbstractParseTreeVisitor.java:70)
	at compiladorAntLr.GramaticaBaseVisitor.visitMethodAtribs(GramaticaBaseVisitor.java:91)
	at compiladorAntLr.GramaticaParser$MethodAtribsContext.accept(GramaticaParser.java:624)
	at org.antlr.v4.runtime.tree.AbstractParseTreeVisitor.visitChildren(AbstractParseTreeVisitor.java:70)
	at compiladorAntLr.GramaticaBaseVisitor.visitTestes(GramaticaBaseVisitor.java:56)
	at compiladorAntLr.GramaticaParser$TestesContext.accept(GramaticaParser.java:359)
	at org.antlr.v4.runtime.tree.AbstractParseTreeVisitor.visitChildren(AbstractParseTreeVisitor.java:70)
	at compiladorAntLr.GramaticaBaseVisitor.visitMainStatement(GramaticaBaseVisitor.java:49)
	at compiladorAntLr.GramaticaParser$MainStatementContext.accept(GramaticaParser.java:294)
	at org.antlr.v4.runtime.tree.AbstractParseTreeVisitor.visit(AbstractParseTreeVisitor.java:42)
	at compilador.MyVisitor.visitTeste(MyVisitor.java:299)
	at compilador.MyVisitor.visitTeste(MyVisitor.java:1)
	at compiladorAntLr.GramaticaParser$TesteContext.accept(GramaticaParser.java:152)
	at org.antlr.v4.runtime.tree.AbstractParseTreeVisitor.visit(AbstractParseTreeVisitor.java:42)
	at compilador.Main.compile(Main.java:25)
	at compilador.TestesCompilador.compileAndRun(TestesCompilador.java:143)
	at compilador.TestesCompilador.compilingCode_throwsVariableAlreadyDefinedException_whenDefinigAlreadyDefinedVariable(TestesCompilador.java:102)
	at sun.reflect.NativeMethodAccessorImpl.invoke0(Native Method)
	at sun.reflect.NativeMethodAccessorImpl.invoke(NativeMethodAccessorImpl.java:57)
	at sun.reflect.DelegatingMethodAccessorImpl.invoke(DelegatingMethodAccessorImpl.java:43)
	at java.lang.reflect.Method.invoke(Method.java:606)
	at org.testng.internal.MethodInvocationHelper.invokeMethod(MethodInvocationHelper.java:85)
	at org.testng.internal.Invoker.invokeMethod(Invoker.java:648)
	at org.testng.internal.Invoker.invokeTestMethod(Invoker.java:834)
	at org.testng.internal.Invoker.invokeTestMethods(Invoker.java:1142)
	at org.testng.internal.TestMethodWorker.invokeTestMethods(TestMethodWorker.java:124)
	at org.testng.internal.TestMethodWorker.run(TestMethodWorker.java:108)
	at org.testng.TestRunner.privateRun(TestRunner.java:771)
	at org.testng.TestRunner.run(TestRunner.java:621)
	at org.testng.SuiteRunner.runTest(SuiteRunner.java:357)
	at org.testng.SuiteRunner.runSequentially(SuiteRunner.java:352)
	at org.testng.SuiteRunner.privateRun(SuiteRunner.java:310)
	at org.testng.SuiteRunner.run(SuiteRunner.java:259)
	at org.testng.SuiteRunnerWorker.runSuite(SuiteRunnerWorker.java:52)
	at org.testng.SuiteRunnerWorker.run(SuiteRunnerWorker.java:86)
	at org.testng.TestNG.runSuitesSequentially(TestNG.java:1176)
	at org.testng.TestNG.runSuitesLocally(TestNG.java:1101)
	at org.testng.TestNG.run(TestNG.java:1009)
	at org.testng.remote.RemoteTestNG.run(RemoteTestNG.java:111)
	at org.testng.remote.RemoteTestNG.initAndRun(RemoteTestNG.java:204)
	at org.testng.remote.RemoteTestNG.main(RemoteTestNG.java:175)
</pre></div><a href='#' onClick='toggleBox("stack-trace1950679218", this, "Click to show all stack frames", "Click to hide stack frames")'>Click to show all stack frames</a>
<div class='stack-trace' id='stack-trace1950679218'><pre>compilador.exceptions.VariableAlreadyDefinedException: 2:4 variable already defined: &lt;x&gt;
	at compilador.MyVisitor.visitVarDeclaracao(MyVisitor.java:181)
	at compilador.MyVisitor.visitVarDeclaracao(MyVisitor.java:1)
	at compiladorAntLr.GramaticaParser$VarDeclaracaoContext.accept(GramaticaParser.java:696)
	at org.antlr.v4.runtime.tree.AbstractParseTreeVisitor.visitChildren(AbstractParseTreeVisitor.java:70)
	at compiladorAntLr.GramaticaBaseVisitor.visitMethodAtribs(GramaticaBaseVisitor.java:91)
	at compiladorAntLr.GramaticaParser$MethodAtribsContext.accept(GramaticaParser.java:624)
	at org.antlr.v4.runtime.tree.AbstractParseTreeVisitor.visitChildren(AbstractParseTreeVisitor.java:70)
	at compiladorAntLr.GramaticaBaseVisitor.visitTestes(GramaticaBaseVisitor.java:56)
	at compiladorAntLr.GramaticaParser$TestesContext.accept(GramaticaParser.java:359)
	at org.antlr.v4.runtime.tree.AbstractParseTreeVisitor.visitChildren(AbstractParseTreeVisitor.java:70)
	at compiladorAntLr.GramaticaBaseVisitor.visitMainStatement(GramaticaBaseVisitor.java:49)
	at compiladorAntLr.GramaticaParser$MainStatementContext.accept(GramaticaParser.java:294)
	at org.antlr.v4.runtime.tree.AbstractParseTreeVisitor.visit(AbstractParseTreeVisitor.java:42)
	at compilador.MyVisitor.visitTeste(MyVisitor.java:299)
	at compilador.MyVisitor.visitTeste(MyVisitor.java:1)
	at compiladorAntLr.GramaticaParser$TesteContext.accept(GramaticaParser.java:152)
	at org.antlr.v4.runtime.tree.AbstractParseTreeVisitor.visit(AbstractParseTreeVisitor.java:42)
	at compilador.Main.compile(Main.java:25)
	at compilador.TestesCompilador.compileAndRun(TestesCompilador.java:143)
	at compilador.TestesCompilador.compilingCode_throwsVariableAlreadyDefinedException_whenDefinigAlreadyDefinedVariable(TestesCompilador.java:102)
	at sun.reflect.NativeMethodAccessorImpl.invoke0(Native Method)
	at sun.reflect.NativeMethodAccessorImpl.invoke(NativeMethodAccessorImpl.java:57)
	at sun.reflect.DelegatingMethodAccessorImpl.invoke(DelegatingMethodAccessorImpl.java:43)
	at java.lang.reflect.Method.invoke(Method.java:606)
	at org.testng.internal.MethodInvocationHelper.invokeMethod(MethodInvocationHelper.java:85)
	at org.testng.internal.Invoker.invokeMethod(Invoker.java:648)
	at org.testng.internal.Invoker.invokeTestMethod(Invoker.java:834)
	at org.testng.internal.Invoker.invokeTestMethods(Invoker.java:1142)
	at org.testng.internal.TestMethodWorker.invokeTestMethods(TestMethodWorker.java:124)
	at org.testng.internal.TestMethodWorker.run(TestMethodWorker.java:108)
	at org.testng.TestRunner.privateRun(TestRunner.java:771)
	at org.testng.TestRunner.run(TestRunner.java:621)
	at org.testng.SuiteRunner.runTest(SuiteRunner.java:357)
	at org.testng.SuiteRunner.runSequentially(SuiteRunner.java:352)
	at org.testng.SuiteRunner.privateRun(SuiteRunner.java:310)
	at org.testng.SuiteRunner.run(SuiteRunner.java:259)
	at org.testng.SuiteRunnerWorker.runSuite(SuiteRunnerWorker.java:52)
	at org.testng.SuiteRunnerWorker.run(SuiteRunnerWorker.java:86)
	at org.testng.TestNG.runSuitesSequentially(TestNG.java:1176)
	at org.testng.TestNG.runSuitesLocally(TestNG.java:1101)
	at org.testng.TestNG.run(TestNG.java:1009)
	at org.testng.remote.RemoteTestNG.run(RemoteTestNG.java:111)
	at org.testng.remote.RemoteTestNG.initAndRun(RemoteTestNG.java:204)
	at org.testng.remote.RemoteTestNG.main(RemoteTestNG.java:175)
</pre></div></td>
<td>0</td>
<td>compilador.TestesCompilador@59930b4b</td></tr>
<tr>
<td title='compilador.TestesCompilador.compilingCode_throwsVariableAndValueOfDifferentTypesException_ifWritingValueInVariableOfDifferentType()'><b>compilingCode_throwsVariableAndValueOfDifferentTypesException_ifWritingValueInVariableOfDifferentType</b><br>Test class: compilador.TestesCompilador</td>
<td><div><pre>compilador.exceptions.VariableAndValueOfDifferentTypesException: 1:4 variable expected type is &lt;int&gt; and actual type is &lt;real&gt;
	at compilador.MyVisitor.visitVarDeclAtrib(MyVisitor.java:205)
	at compilador.MyVisitor.visitVarDeclAtrib(MyVisitor.java:1)
	at compiladorAntLr.GramaticaParser$VarDeclAtribContext.accept(GramaticaParser.java:752)
	at org.antlr.v4.runtime.tree.AbstractParseTreeVisitor.visitChildren(AbstractParseTreeVisitor.java:70)
	at compiladorAntLr.GramaticaBaseVisitor.visitMethodAtribs(GramaticaBaseVisitor.java:91)
	at compiladorAntLr.GramaticaParser$MethodAtribsContext.accept(GramaticaParser.java:624)
	at org.antlr.v4.runtime.tree.AbstractParseTreeVisitor.visitChildren(AbstractParseTreeVisitor.java:70)
	at compiladorAntLr.GramaticaBaseVisitor.visitTestes(GramaticaBaseVisitor.java:56)
	at compiladorAntLr.GramaticaParser$TestesContext.accept(GramaticaParser.java:359)
	at org.antlr.v4.runtime.tree.AbstractParseTreeVisitor.visitChildren(AbstractParseTreeVisitor.java:70)
	at compiladorAntLr.GramaticaBaseVisitor.visitMainStatement(GramaticaBaseVisitor.java:49)
	at compiladorAntLr.GramaticaParser$MainStatementContext.accept(GramaticaParser.java:294)
	at org.antlr.v4.runtime.tree.AbstractParseTreeVisitor.visit(AbstractParseTreeVisitor.java:42)
	at compilador.MyVisitor.visitTeste(MyVisitor.java:299)
	at compilador.MyVisitor.visitTeste(MyVisitor.java:1)
	at compiladorAntLr.GramaticaParser$TesteContext.accept(GramaticaParser.java:152)
	at org.antlr.v4.runtime.tree.AbstractParseTreeVisitor.visit(AbstractParseTreeVisitor.java:42)
	at compilador.Main.compile(Main.java:25)
	at compilador.TestesCompilador.compileAndRun(TestesCompilador.java:143)
	at compilador.TestesCompilador.compilingCode_throwsVariableAndValueOfDifferentTypesException_ifWritingValueInVariableOfDifferentType(TestesCompilador.java:93)
	at sun.reflect.NativeMethodAccessorImpl.invoke0(Native Method)
	at sun.reflect.NativeMethodAccessorImpl.invoke(NativeMethodAccessorImpl.java:57)
	at sun.reflect.DelegatingMethodAccessorImpl.invoke(DelegatingMethodAccessorImpl.java:43)
	at java.lang.reflect.Method.invoke(Method.java:606)
	at org.testng.internal.MethodInvocationHelper.invokeMethod(MethodInvocationHelper.java:85)
	at org.testng.internal.Invoker.invokeMethod(Invoker.java:648)
	at org.testng.internal.Invoker.invokeTestMethod(Invoker.java:834)
	at org.testng.internal.Invoker.invokeTestMethods(Invoker.java:1142)
	at org.testng.internal.TestMethodWorker.invokeTestMethods(TestMethodWorker.java:124)
	at org.testng.internal.TestMethodWorker.run(TestMethodWorker.java:108)
	at org.testng.TestRunner.privateRun(TestRunner.java:771)
	at org.testng.TestRunner.run(TestRunner.java:621)
	at org.testng.SuiteRunner.runTest(SuiteRunner.java:357)
	at org.testng.SuiteRunner.runSequentially(SuiteRunner.java:352)
	at org.testng.SuiteRunner.privateRun(SuiteRunner.java:310)
	at org.testng.SuiteRunner.run(SuiteRunner.java:259)
	at org.testng.SuiteRunnerWorker.runSuite(SuiteRunnerWorker.java:52)
	at org.testng.SuiteRunnerWorker.run(SuiteRunnerWorker.java:86)
	at org.testng.TestNG.runSuitesSequentially(TestNG.java:1176)
	at org.testng.TestNG.runSuitesLocally(TestNG.java:1101)
	at org.testng.TestNG.run(TestNG.java:1009)
	at org.testng.remote.RemoteTestNG.run(RemoteTestNG.java:111)
	at org.testng.remote.RemoteTestNG.initAndRun(RemoteTestNG.java:204)
	at org.testng.remote.RemoteTestNG.main(RemoteTestNG.java:175)
</pre></div><a href='#' onClick='toggleBox("stack-trace1034903836", this, "Click to show all stack frames", "Click to hide stack frames")'>Click to show all stack frames</a>
<div class='stack-trace' id='stack-trace1034903836'><pre>compilador.exceptions.VariableAndValueOfDifferentTypesException: 1:4 variable expected type is &lt;int&gt; and actual type is &lt;real&gt;
	at compilador.MyVisitor.visitVarDeclAtrib(MyVisitor.java:205)
	at compilador.MyVisitor.visitVarDeclAtrib(MyVisitor.java:1)
	at compiladorAntLr.GramaticaParser$VarDeclAtribContext.accept(GramaticaParser.java:752)
	at org.antlr.v4.runtime.tree.AbstractParseTreeVisitor.visitChildren(AbstractParseTreeVisitor.java:70)
	at compiladorAntLr.GramaticaBaseVisitor.visitMethodAtribs(GramaticaBaseVisitor.java:91)
	at compiladorAntLr.GramaticaParser$MethodAtribsContext.accept(GramaticaParser.java:624)
	at org.antlr.v4.runtime.tree.AbstractParseTreeVisitor.visitChildren(AbstractParseTreeVisitor.java:70)
	at compiladorAntLr.GramaticaBaseVisitor.visitTestes(GramaticaBaseVisitor.java:56)
	at compiladorAntLr.GramaticaParser$TestesContext.accept(GramaticaParser.java:359)
	at org.antlr.v4.runtime.tree.AbstractParseTreeVisitor.visitChildren(AbstractParseTreeVisitor.java:70)
	at compiladorAntLr.GramaticaBaseVisitor.visitMainStatement(GramaticaBaseVisitor.java:49)
	at compiladorAntLr.GramaticaParser$MainStatementContext.accept(GramaticaParser.java:294)
	at org.antlr.v4.runtime.tree.AbstractParseTreeVisitor.visit(AbstractParseTreeVisitor.java:42)
	at compilador.MyVisitor.visitTeste(MyVisitor.java:299)
	at compilador.MyVisitor.visitTeste(MyVisitor.java:1)
	at compiladorAntLr.GramaticaParser$TesteContext.accept(GramaticaParser.java:152)
	at org.antlr.v4.runtime.tree.AbstractParseTreeVisitor.visit(AbstractParseTreeVisitor.java:42)
	at compilador.Main.compile(Main.java:25)
	at compilador.TestesCompilador.compileAndRun(TestesCompilador.java:143)
	at compilador.TestesCompilador.compilingCode_throwsVariableAndValueOfDifferentTypesException_ifWritingValueInVariableOfDifferentType(TestesCompilador.java:93)
	at sun.reflect.NativeMethodAccessorImpl.invoke0(Native Method)
	at sun.reflect.NativeMethodAccessorImpl.invoke(NativeMethodAccessorImpl.java:57)
	at sun.reflect.DelegatingMethodAccessorImpl.invoke(DelegatingMethodAccessorImpl.java:43)
	at java.lang.reflect.Method.invoke(Method.java:606)
	at org.testng.internal.MethodInvocationHelper.invokeMethod(MethodInvocationHelper.java:85)
	at org.testng.internal.Invoker.invokeMethod(Invoker.java:648)
	at org.testng.internal.Invoker.invokeTestMethod(Invoker.java:834)
	at org.testng.internal.Invoker.invokeTestMethods(Invoker.java:1142)
	at org.testng.internal.TestMethodWorker.invokeTestMethods(TestMethodWorker.java:124)
	at org.testng.internal.TestMethodWorker.run(TestMethodWorker.java:108)
	at org.testng.TestRunner.privateRun(TestRunner.java:771)
	at org.testng.TestRunner.run(TestRunner.java:621)
	at org.testng.SuiteRunner.runTest(SuiteRunner.java:357)
	at org.testng.SuiteRunner.runSequentially(SuiteRunner.java:352)
	at org.testng.SuiteRunner.privateRun(SuiteRunner.java:310)
	at org.testng.SuiteRunner.run(SuiteRunner.java:259)
	at org.testng.SuiteRunnerWorker.runSuite(SuiteRunnerWorker.java:52)
	at org.testng.SuiteRunnerWorker.run(SuiteRunnerWorker.java:86)
	at org.testng.TestNG.runSuitesSequentially(TestNG.java:1176)
	at org.testng.TestNG.runSuitesLocally(TestNG.java:1101)
	at org.testng.TestNG.run(TestNG.java:1009)
	at org.testng.remote.RemoteTestNG.run(RemoteTestNG.java:111)
	at org.testng.remote.RemoteTestNG.initAndRun(RemoteTestNG.java:204)
	at org.testng.remote.RemoteTestNG.main(RemoteTestNG.java:175)
</pre></div></td>
<td>0</td>
<td>compilador.TestesCompilador@59930b4b</td></tr>
<tr>
<td title='compilador.TestesCompilador.runningCode_outputsExpectedText()'><b>runningCode_outputsExpectedText</b><br>Test class: compilador.TestesCompilador<br>Parameters: println(1+2);, 3
</td>
<td></td>
<td>0</td>
<td>compilador.TestesCompilador@59930b4b</td></tr>
<tr>
<td title='compilador.TestesCompilador.runningCode_outputsExpectedText()'><b>runningCode_outputsExpectedText</b><br>Test class: compilador.TestesCompilador<br>Parameters: real a; a=3.1; println(1);, 1
</td>
<td></td>
<td>0</td>
<td>compilador.TestesCompilador@59930b4b</td></tr>
<tr>
<td title='compilador.TestesCompilador.runningCode_outputsExpectedText()'><b>runningCode_outputsExpectedText</b><br>Test class: compilador.TestesCompilador<br>Parameters: real a= 1.1;println(a);, 1.1
</td>
<td></td>
<td>0</td>
<td>compilador.TestesCompilador@59930b4b</td></tr>
<tr>
<td title='compilador.TestesCompilador.runningCode_outputsExpectedText()'><b>runningCode_outputsExpectedText</b><br>Test class: compilador.TestesCompilador<br>Parameters: println(1+2+42); println(2*4+3);, 45
11
</td>
<td></td>
<td>0</td>
<td>compilador.TestesCompilador@59930b4b</td></tr>
<tr>
<td title='compilador.TestesCompilador.runningCode_outputsExpectedText()'><b>runningCode_outputsExpectedText</b><br>Test class: compilador.TestesCompilador<br>Parameters: println(3-2);, 1
</td>
<td></td>
<td>0</td>
<td>compilador.TestesCompilador@59930b4b</td></tr>
<tr>
<td title='compilador.TestesCompilador.runningCode_outputsExpectedText()'><b>runningCode_outputsExpectedText</b><br>Test class: compilador.TestesCompilador<br>Parameters: println(4*2);, 8
</td>
<td></td>
<td>0</td>
<td>compilador.TestesCompilador@59930b4b</td></tr>
<tr>
<td title='compilador.TestesCompilador.runningCode_outputsExpectedText()'><b>runningCode_outputsExpectedText</b><br>Test class: compilador.TestesCompilador<br>Parameters: println(4/2);, 2
</td>
<td></td>
<td>0</td>
<td>compilador.TestesCompilador@59930b4b</td></tr>
<tr>
<td title='compilador.TestesCompilador.runningCode_outputsExpectedText()'><b>runningCode_outputsExpectedText</b><br>Test class: compilador.TestesCompilador<br>Parameters: println(7/2);, 3
</td>
<td></td>
<td>0</td>
<td>compilador.TestesCompilador@59930b4b</td></tr>
<tr>
<td title='compilador.TestesCompilador.runningCode_outputsExpectedText()'><b>runningCode_outputsExpectedText</b><br>Test class: compilador.TestesCompilador<br>Parameters: println(8-2+5);, 11
</td>
<td></td>
<td>0</td>
<td>compilador.TestesCompilador@59930b4b</td></tr>
<tr>
<td title='compilador.TestesCompilador.runningCode_outputsExpectedText()'><b>runningCode_outputsExpectedText</b><br>Test class: compilador.TestesCompilador<br>Parameters: println(8/2*4);, 16
</td>
<td></td>
<td>0</td>
<td>compilador.TestesCompilador@59930b4b</td></tr>
<tr>
<td title='compilador.TestesCompilador.runningCode_outputsExpectedText()'><b>runningCode_outputsExpectedText</b><br>Test class: compilador.TestesCompilador<br>Parameters: println(2+3*3);, 11
</td>
<td></td>
<td>0</td>
<td>compilador.TestesCompilador@59930b4b</td></tr>
<tr>
<td title='compilador.TestesCompilador.runningCode_outputsExpectedText()'><b>runningCode_outputsExpectedText</b><br>Test class: compilador.TestesCompilador<br>Parameters: println(9-2*3);, 3
</td>
<td></td>
<td>0</td>
<td>compilador.TestesCompilador@59930b4b</td></tr>
<tr>
<td title='compilador.TestesCompilador.runningCode_outputsExpectedText()'><b>runningCode_outputsExpectedText</b><br>Test class: compilador.TestesCompilador<br>Parameters: int a =10; println(a);, 10
</td>
<td></td>
<td>0</td>
<td>compilador.TestesCompilador@59930b4b</td></tr>
<tr>
<td title='compilador.TestesCompilador.runningCode_outputsExpectedText()'><b>runningCode_outputsExpectedText</b><br>Test class: compilador.TestesCompilador<br>Parameters: int foo; foo = 42; println(foo); , 42
</td>
<td></td>
<td>0</td>
<td>compilador.TestesCompilador@59930b4b</td></tr>
<tr>
<td title='compilador.TestesCompilador.runningCode_outputsExpectedText()'><b>runningCode_outputsExpectedText</b><br>Test class: compilador.TestesCompilador<br>Parameters: int foo; foo = 42; println(foo+2); , 44
</td>
<td></td>
<td>0</td>
<td>compilador.TestesCompilador@59930b4b</td></tr>
<tr>
<td title='compilador.TestesCompilador.runningCode_outputsExpectedText()'><b>runningCode_outputsExpectedText</b><br>Test class: compilador.TestesCompilador<br>Parameters: int a; int b; a = 2; b = 5; println(a+b); , 7
</td>
<td></td>
<td>0</td>
<td>compilador.TestesCompilador@59930b4b</td></tr>
<tr>
<td title='compilador.TestesCompilador.runningCode_outputsExpectedText()'><b>runningCode_outputsExpectedText</b><br>Test class: compilador.TestesCompilador<br>Parameters: int function randomNumber() { return 4; } println(randomNumber());, 4
</td>
<td></td>
<td>0</td>
<td>compilador.TestesCompilador@59930b4b</td></tr>
<tr>
<td title='compilador.TestesCompilador.runningCode_outputsExpectedText()'><b>runningCode_outputsExpectedText</b><br>Test class: compilador.TestesCompilador<br>Parameters: int function randomNumber() { int a = 10; return a; } println(randomNumber());, 10
</td>
<td></td>
<td>0</td>
<td>compilador.TestesCompilador@59930b4b</td></tr>
<tr>
<td title='compilador.TestesCompilador.runningCode_outputsExpectedText()'><b>runningCode_outputsExpectedText</b><br>Test class: compilador.TestesCompilador<br>Parameters: int function randomNumber() { int a=10; int b=10; return a+b; } println(randomNumber());, 20
</td>
<td></td>
<td>0</td>
<td>compilador.TestesCompilador@59930b4b</td></tr>
<tr>
<td title='compilador.TestesCompilador.runningCode_outputsExpectedText()'><b>runningCode_outputsExpectedText</b><br>Test class: compilador.TestesCompilador<br>Parameters: real a =1.1; real b =1.1; println(a-b);, 0.0
</td>
<td></td>
<td>0</td>
<td>compilador.TestesCompilador@59930b4b</td></tr>
<tr>
<td title='compilador.TestesCompilador.runningCode_outputsExpectedText()'><b>runningCode_outputsExpectedText</b><br>Test class: compilador.TestesCompilador<br>Parameters: real a = 1.1; int b=2; println(a+b); , 3.1
</td>
<td></td>
<td>0</td>
<td>compilador.TestesCompilador@59930b4b</td></tr>
<tr>
<td title='compilador.TestesCompilador.runningCode_outputsExpectedText()'><b>runningCode_outputsExpectedText</b><br>Test class: compilador.TestesCompilador<br>Parameters: int function randomNumber() { int a = 10; return a; } int a = 5; println(a);, 5
</td>
<td></td>
<td>0</td>
<td>compilador.TestesCompilador@59930b4b</td></tr>
<tr>
<td title='compilador.TestesCompilador.runningCode_outputsExpectedText()'><b>runningCode_outputsExpectedText</b><br>Test class: compilador.TestesCompilador<br>Parameters: program Programa{int b = 2;real function minhaFuncao(){int b= 2;real d =1.2;int a = 4;return b*d+a;}int a = 2;println(minhaFuncao()+a/b);}, 7.4
</td>
<td></td>
<td>0</td>
<td>compilador.TestesCompilador@59930b4b</td></tr>
<tr>
<td title='compilador.TestesCompilador.runningCode_outputsExpectedText()'><b>runningCode_outputsExpectedText</b><br>Test class: compilador.TestesCompilador<br>Parameters: int function add(int a, int b, int c) { return a+b+c; } println(add(5,8, 10));, 23
</td>
<td></td>
<td>0</td>
<td>compilador.TestesCompilador@59930b4b</td></tr>
</table><p>
</body>
</html>