<!DOCTYPE html PUBLIC "-//W3C//DTD XHTML 1.1//EN" "http://www.w3.org/TR/xhtml11/DTD/xhtml11.dtd">
<html xmlns="http://www.w3.org/1999/xhtml"><head><title>TestNG Report</title><style type="text/css">table {margin-bottom:10px;border-collapse:collapse;empty-cells:show}th,td {border:1px solid #009;padding:.25em .5em}th {vertical-align:bottom}td {vertical-align:top}table a {font-weight:bold}.stripe td {background-color: #E6EBF9}.num {text-align:right}.passedodd td {background-color: #3F3}.passedeven td {background-color: #0A0}.skippedodd td {background-color: #DDD}.skippedeven td {background-color: #CCC}.failedodd td,.attn {background-color: #F33}.failedeven td,.stripe .attn {background-color: #D00}.stacktrace {white-space:pre;font-family:monospace}.totop {font-size:85%;text-align:center;border-bottom:2px solid #000}</style></head><body><table><tr><th>Test</th><th># Passed</th><th># Skipped</th><th># Failed</th><th>Time (ms)</th><th>Included Groups</th><th>Excluded Groups</th></tr><tr><th colspan="7">Default suite</th></tr><tr><td><a href="#t0">Default test</a></td><td class="num">28</td><td class="num">0</td><td class="num">0</td><td class="num">2,362</td><td></td><td></td></tr></table><table><thead><tr><th>Class</th><th>Method</th><th>Start</th><th>Time (ms)</th></tr></thead><tbody><tr><th colspan="4">Default suite</th></tr></tbody><tbody id="t0"><tr><th colspan="4">Default test &#8212; passed</th></tr><tr class="passedeven"><td rowspan="28">compilador.TestesCompilador</td><td><a href="#m0">compilingCode_throwsUndeclaredVariableException_ifReadingUndifinedVariable</a></td><td rowspan="1">1436532696137</td><td rowspan="1">102</td></tr><tr class="passedeven"><td><a href="#m1">compilingCode_throwsUndeclaredVariableException_ifWritingUndifinedVariable</a></td><td rowspan="1">1436532696246</td><td rowspan="1">4</td></tr><tr class="passedeven"><td><a href="#m2">compilingCode_throwsVariableAlreadyDefinedException_whenDefinigAlreadyDefinedVariable</a></td><td rowspan="1">1436532696254</td><td rowspan="1">1</td></tr><tr class="passedeven"><td><a href="#m3">compilingCode_throwsVariableAndValueOfDifferentTypesException_ifWritingValueInVariableOfDifferentType</a></td><td rowspan="1">1436532696259</td><td rowspan="1">1</td></tr><tr class="passedeven"><td><a href="#m4">runningCode_outputsExpectedText</a></td><td rowspan="24">1436532696265</td><td rowspan="24">122</td></tr><tr class="passedeven"><td><a href="#m5">runningCode_outputsExpectedText</a></td></tr><tr class="passedeven"><td><a href="#m6">runningCode_outputsExpectedText</a></td></tr><tr class="passedeven"><td><a href="#m7">runningCode_outputsExpectedText</a></td></tr><tr class="passedeven"><td><a href="#m8">runningCode_outputsExpectedText</a></td></tr><tr class="passedeven"><td><a href="#m9">runningCode_outputsExpectedText</a></td></tr><tr class="passedeven"><td><a href="#m10">runningCode_outputsExpectedText</a></td></tr><tr class="passedeven"><td><a href="#m11">runningCode_outputsExpectedText</a></td></tr><tr class="passedeven"><td><a href="#m12">runningCode_outputsExpectedText</a></td></tr><tr class="passedeven"><td><a href="#m13">runningCode_outputsExpectedText</a></td></tr><tr class="passedeven"><td><a href="#m14">runningCode_outputsExpectedText</a></td></tr><tr class="passedeven"><td><a href="#m15">runningCode_outputsExpectedText</a></td></tr><tr class="passedeven"><td><a href="#m16">runningCode_outputsExpectedText</a></td></tr><tr class="passedeven"><td><a href="#m17">runningCode_outputsExpectedText</a></td></tr><tr class="passedeven"><td><a href="#m18">runningCode_outputsExpectedText</a></td></tr><tr class="passedeven"><td><a href="#m19">runningCode_outputsExpectedText</a></td></tr><tr class="passedeven"><td><a href="#m20">runningCode_outputsExpectedText</a></td></tr><tr class="passedeven"><td><a href="#m21">runningCode_outputsExpectedText</a></td></tr><tr class="passedeven"><td><a href="#m22">runningCode_outputsExpectedText</a></td></tr><tr class="passedeven"><td><a href="#m23">runningCode_outputsExpectedText</a></td></tr><tr class="passedeven"><td><a href="#m24">runningCode_outputsExpectedText</a></td></tr><tr class="passedeven"><td><a href="#m25">runningCode_outputsExpectedText</a></td></tr><tr class="passedeven"><td><a href="#m26">runningCode_outputsExpectedText</a></td></tr><tr class="passedeven"><td><a href="#m27">runningCode_outputsExpectedText</a></td></tr></tbody></table><h2>Default test</h2><h3 id="m0">compilador.TestesCompilador#compilingCode_throwsUndeclaredVariableException_ifReadingUndifinedVariable</h3><table class="result"><tr><th>Expected Exception</th></tr><tr><td><div class="stacktrace">compilador.exceptions.UndeclaredVariableException: 1:8 undeclared variable &lt;x&gt;
	at compilador.MyVisitor.requireVariableIndex(MyVisitor.java:219)
	at compilador.MyVisitor.visitVariavel(MyVisitor.java:170)
	at compilador.MyVisitor.visitVariavel(MyVisitor.java:1)
	at compiladorAntLr.GramaticaParser$VariavelContext.accept(GramaticaParser.java:2225)
	at org.antlr.v4.runtime.tree.AbstractParseTreeVisitor.visitChildren(AbstractParseTreeVisitor.java:70)
	at compiladorAntLr.GramaticaBaseVisitor.visitValor(GramaticaBaseVisitor.java:301)
	at compiladorAntLr.GramaticaParser$ValorContext.accept(GramaticaParser.java:2030)
	at org.antlr.v4.runtime.tree.AbstractParseTreeVisitor.visitChildren(AbstractParseTreeVisitor.java:70)
	at compiladorAntLr.GramaticaBaseVisitor.visitOpMatematica(GramaticaBaseVisitor.java:238)
	at compiladorAntLr.GramaticaParser$OpMatematicaContext.accept(GramaticaParser.java:1836)
	at org.antlr.v4.runtime.tree.AbstractParseTreeVisitor.visit(AbstractParseTreeVisitor.java:42)
	at compilador.MyVisitor.visitPrintln(MyVisitor.java:79)
	at compilador.MyVisitor.visitPrintln(MyVisitor.java:1)
	at compiladorAntLr.GramaticaParser$PrintlnContext.accept(GramaticaParser.java:419)
	at org.antlr.v4.runtime.tree.AbstractParseTreeVisitor.visitChildren(AbstractParseTreeVisitor.java:70)
	at compiladorAntLr.GramaticaBaseVisitor.visitTestes(GramaticaBaseVisitor.java:56)
	at compiladorAntLr.GramaticaParser$TestesContext.accept(GramaticaParser.java:359)
	at org.antlr.v4.runtime.tree.AbstractParseTreeVisitor.visitChildren(AbstractParseTreeVisitor.java:70)
	at compiladorAntLr.GramaticaBaseVisitor.visitMainStatement(GramaticaBaseVisitor.java:49)
	at compiladorAntLr.GramaticaParser$MainStatementContext.accept(GramaticaParser.java:294)
	at org.antlr.v4.runtime.tree.AbstractParseTreeVisitor.visit(AbstractParseTreeVisitor.java:42)
	at compilador.MyVisitor.visitTeste(MyVisitor.java:299)
	at compilador.MyVisitor.visitTeste(MyVisitor.java:1)
	at compiladorAntLr.GramaticaParser$TesteContext.accept(GramaticaParser.java:152)
	at org.antlr.v4.runtime.tree.AbstractParseTreeVisitor.visit(AbstractParseTreeVisitor.java:42)
	at compilador.Main.compile(Main.java:25)
	at compilador.TestesCompilador.compileAndRun(TestesCompilador.java:143)
	at compilador.TestesCompilador.compilingCode_throwsUndeclaredVariableException_ifReadingUndifinedVariable(TestesCompilador.java:63)
	at sun.reflect.NativeMethodAccessorImpl.invoke0(Native Method)
	at sun.reflect.NativeMethodAccessorImpl.invoke(NativeMethodAccessorImpl.java:57)
	at sun.reflect.DelegatingMethodAccessorImpl.invoke(DelegatingMethodAccessorImpl.java:43)
	at java.lang.reflect.Method.invoke(Method.java:606)
	at org.testng.internal.MethodInvocationHelper.invokeMethod(MethodInvocationHelper.java:85)
	at org.testng.internal.Invoker.invokeMethod(Invoker.java:648)
	at org.testng.internal.Invoker.invokeTestMethod(Invoker.java:834)
	at org.testng.internal.Invoker.invokeTestMethods(Invoker.java:1142)
	at org.testng.internal.TestMethodWorker.invokeTestMethods(TestMethodWorker.java:124)
	at org.testng.internal.TestMethodWorker.run(TestMethodWorker.java:108)
	at org.testng.TestRunner.privateRun(TestRunner.java:771)
	at org.testng.TestRunner.run(TestRunner.java:621)
	at org.testng.SuiteRunner.runTest(SuiteRunner.java:357)
	at org.testng.SuiteRunner.runSequentially(SuiteRunner.java:352)
	at org.testng.SuiteRunner.privateRun(SuiteRunner.java:310)
	at org.testng.SuiteRunner.run(SuiteRunner.java:259)
	at org.testng.SuiteRunnerWorker.runSuite(SuiteRunnerWorker.java:52)
	at org.testng.SuiteRunnerWorker.run(SuiteRunnerWorker.java:86)
	at org.testng.TestNG.runSuitesSequentially(TestNG.java:1176)
	at org.testng.TestNG.runSuitesLocally(TestNG.java:1101)
	at org.testng.TestNG.run(TestNG.java:1009)
	at org.testng.remote.RemoteTestNG.run(RemoteTestNG.java:111)
	at org.testng.remote.RemoteTestNG.initAndRun(RemoteTestNG.java:204)
	at org.testng.remote.RemoteTestNG.main(RemoteTestNG.java:175)
</div></td></tr></table><p class="totop"><a href="#summary">back to summary</a></p><h3 id="m1">compilador.TestesCompilador#compilingCode_throwsUndeclaredVariableException_ifWritingUndifinedVariable</h3><table class="result"><tr><th>Expected Exception</th></tr><tr><td><div class="stacktrace">compilador.exceptions.UndeclaredVariableException: 1:0 undeclared variable &lt;x&gt;
	at compilador.MyVisitor.requireVariableIndex(MyVisitor.java:219)
	at compilador.MyVisitor.visitVarAtribuicao(MyVisitor.java:194)
	at compilador.MyVisitor.visitVarAtribuicao(MyVisitor.java:1)
	at compiladorAntLr.GramaticaParser$VarAtribuicaoContext.accept(GramaticaParser.java:808)
	at org.antlr.v4.runtime.tree.AbstractParseTreeVisitor.visitChildren(AbstractParseTreeVisitor.java:70)
	at compiladorAntLr.GramaticaBaseVisitor.visitMethodAtribs(GramaticaBaseVisitor.java:91)
	at compiladorAntLr.GramaticaParser$MethodAtribsContext.accept(GramaticaParser.java:624)
	at org.antlr.v4.runtime.tree.AbstractParseTreeVisitor.visitChildren(AbstractParseTreeVisitor.java:70)
	at compiladorAntLr.GramaticaBaseVisitor.visitTestes(GramaticaBaseVisitor.java:56)
	at compiladorAntLr.GramaticaParser$TestesContext.accept(GramaticaParser.java:359)
	at org.antlr.v4.runtime.tree.AbstractParseTreeVisitor.visitChildren(AbstractParseTreeVisitor.java:70)
	at compiladorAntLr.GramaticaBaseVisitor.visitMainStatement(GramaticaBaseVisitor.java:49)
	at compiladorAntLr.GramaticaParser$MainStatementContext.accept(GramaticaParser.java:294)
	at org.antlr.v4.runtime.tree.AbstractParseTreeVisitor.visit(AbstractParseTreeVisitor.java:42)
	at compilador.MyVisitor.visitTeste(MyVisitor.java:299)
	at compilador.MyVisitor.visitTeste(MyVisitor.java:1)
	at compiladorAntLr.GramaticaParser$TesteContext.accept(GramaticaParser.java:152)
	at org.antlr.v4.runtime.tree.AbstractParseTreeVisitor.visit(AbstractParseTreeVisitor.java:42)
	at compilador.Main.compile(Main.java:25)
	at compilador.TestesCompilador.compileAndRun(TestesCompilador.java:143)
	at compilador.TestesCompilador.compilingCode_throwsUndeclaredVariableException_ifWritingUndifinedVariable(TestesCompilador.java:72)
	at sun.reflect.NativeMethodAccessorImpl.invoke0(Native Method)
	at sun.reflect.NativeMethodAccessorImpl.invoke(NativeMethodAccessorImpl.java:57)
	at sun.reflect.DelegatingMethodAccessorImpl.invoke(DelegatingMethodAccessorImpl.java:43)
	at java.lang.reflect.Method.invoke(Method.java:606)
	at org.testng.internal.MethodInvocationHelper.invokeMethod(MethodInvocationHelper.java:85)
	at org.testng.internal.Invoker.invokeMethod(Invoker.java:648)
	at org.testng.internal.Invoker.invokeTestMethod(Invoker.java:834)
	at org.testng.internal.Invoker.invokeTestMethods(Invoker.java:1142)
	at org.testng.internal.TestMethodWorker.invokeTestMethods(TestMethodWorker.java:124)
	at org.testng.internal.TestMethodWorker.run(TestMethodWorker.java:108)
	at org.testng.TestRunner.privateRun(TestRunner.java:771)
	at org.testng.TestRunner.run(TestRunner.java:621)
	at org.testng.SuiteRunner.runTest(SuiteRunner.java:357)
	at org.testng.SuiteRunner.runSequentially(SuiteRunner.java:352)
	at org.testng.SuiteRunner.privateRun(SuiteRunner.java:310)
	at org.testng.SuiteRunner.run(SuiteRunner.java:259)
	at org.testng.SuiteRunnerWorker.runSuite(SuiteRunnerWorker.java:52)
	at org.testng.SuiteRunnerWorker.run(SuiteRunnerWorker.java:86)
	at org.testng.TestNG.runSuitesSequentially(TestNG.java:1176)
	at org.testng.TestNG.runSuitesLocally(TestNG.java:1101)
	at org.testng.TestNG.run(TestNG.java:1009)
	at org.testng.remote.RemoteTestNG.run(RemoteTestNG.java:111)
	at org.testng.remote.RemoteTestNG.initAndRun(RemoteTestNG.java:204)
	at org.testng.remote.RemoteTestNG.main(RemoteTestNG.java:175)
</div></td></tr></table><p class="totop"><a href="#summary">back to summary</a></p><h3 id="m2">compilador.TestesCompilador#compilingCode_throwsVariableAlreadyDefinedException_whenDefinigAlreadyDefinedVariable</h3><table class="result"><tr><th>Expected Exception</th></tr><tr><td><div class="stacktrace">compilador.exceptions.VariableAlreadyDefinedException: 2:4 variable already defined: &lt;x&gt;
	at compilador.MyVisitor.visitVarDeclaracao(MyVisitor.java:181)
	at compilador.MyVisitor.visitVarDeclaracao(MyVisitor.java:1)
	at compiladorAntLr.GramaticaParser$VarDeclaracaoContext.accept(GramaticaParser.java:696)
	at org.antlr.v4.runtime.tree.AbstractParseTreeVisitor.visitChildren(AbstractParseTreeVisitor.java:70)
	at compiladorAntLr.GramaticaBaseVisitor.visitMethodAtribs(GramaticaBaseVisitor.java:91)
	at compiladorAntLr.GramaticaParser$MethodAtribsContext.accept(GramaticaParser.java:624)
	at org.antlr.v4.runtime.tree.AbstractParseTreeVisitor.visitChildren(AbstractParseTreeVisitor.java:70)
	at compiladorAntLr.GramaticaBaseVisitor.visitTestes(GramaticaBaseVisitor.java:56)
	at compiladorAntLr.GramaticaParser$TestesContext.accept(GramaticaParser.java:359)
	at org.antlr.v4.runtime.tree.AbstractParseTreeVisitor.visitChildren(AbstractParseTreeVisitor.java:70)
	at compiladorAntLr.GramaticaBaseVisitor.visitMainStatement(GramaticaBaseVisitor.java:49)
	at compiladorAntLr.GramaticaParser$MainStatementContext.accept(GramaticaParser.java:294)
	at org.antlr.v4.runtime.tree.AbstractParseTreeVisitor.visit(AbstractParseTreeVisitor.java:42)
	at compilador.MyVisitor.visitTeste(MyVisitor.java:299)
	at compilador.MyVisitor.visitTeste(MyVisitor.java:1)
	at compiladorAntLr.GramaticaParser$TesteContext.accept(GramaticaParser.java:152)
	at org.antlr.v4.runtime.tree.AbstractParseTreeVisitor.visit(AbstractParseTreeVisitor.java:42)
	at compilador.Main.compile(Main.java:25)
	at compilador.TestesCompilador.compileAndRun(TestesCompilador.java:143)
	at compilador.TestesCompilador.compilingCode_throwsVariableAlreadyDefinedException_whenDefinigAlreadyDefinedVariable(TestesCompilador.java:102)
	at sun.reflect.NativeMethodAccessorImpl.invoke0(Native Method)
	at sun.reflect.NativeMethodAccessorImpl.invoke(NativeMethodAccessorImpl.java:57)
	at sun.reflect.DelegatingMethodAccessorImpl.invoke(DelegatingMethodAccessorImpl.java:43)
	at java.lang.reflect.Method.invoke(Method.java:606)
	at org.testng.internal.MethodInvocationHelper.invokeMethod(MethodInvocationHelper.java:85)
	at org.testng.internal.Invoker.invokeMethod(Invoker.java:648)
	at org.testng.internal.Invoker.invokeTestMethod(Invoker.java:834)
	at org.testng.internal.Invoker.invokeTestMethods(Invoker.java:1142)
	at org.testng.internal.TestMethodWorker.invokeTestMethods(TestMethodWorker.java:124)
	at org.testng.internal.TestMethodWorker.run(TestMethodWorker.java:108)
	at org.testng.TestRunner.privateRun(TestRunner.java:771)
	at org.testng.TestRunner.run(TestRunner.java:621)
	at org.testng.SuiteRunner.runTest(SuiteRunner.java:357)
	at org.testng.SuiteRunner.runSequentially(SuiteRunner.java:352)
	at org.testng.SuiteRunner.privateRun(SuiteRunner.java:310)
	at org.testng.SuiteRunner.run(SuiteRunner.java:259)
	at org.testng.SuiteRunnerWorker.runSuite(SuiteRunnerWorker.java:52)
	at org.testng.SuiteRunnerWorker.run(SuiteRunnerWorker.java:86)
	at org.testng.TestNG.runSuitesSequentially(TestNG.java:1176)
	at org.testng.TestNG.runSuitesLocally(TestNG.java:1101)
	at org.testng.TestNG.run(TestNG.java:1009)
	at org.testng.remote.RemoteTestNG.run(RemoteTestNG.java:111)
	at org.testng.remote.RemoteTestNG.initAndRun(RemoteTestNG.java:204)
	at org.testng.remote.RemoteTestNG.main(RemoteTestNG.java:175)
</div></td></tr></table><p class="totop"><a href="#summary">back to summary</a></p><h3 id="m3">compilador.TestesCompilador#compilingCode_throwsVariableAndValueOfDifferentTypesException_ifWritingValueInVariableOfDifferentType</h3><table class="result"><tr><th>Expected Exception</th></tr><tr><td><div class="stacktrace">compilador.exceptions.VariableAndValueOfDifferentTypesException: 1:4 variable expected type is &lt;int&gt; and actual type is &lt;real&gt;
	at compilador.MyVisitor.visitVarDeclAtrib(MyVisitor.java:205)
	at compilador.MyVisitor.visitVarDeclAtrib(MyVisitor.java:1)
	at compiladorAntLr.GramaticaParser$VarDeclAtribContext.accept(GramaticaParser.java:752)
	at org.antlr.v4.runtime.tree.AbstractParseTreeVisitor.visitChildren(AbstractParseTreeVisitor.java:70)
	at compiladorAntLr.GramaticaBaseVisitor.visitMethodAtribs(GramaticaBaseVisitor.java:91)
	at compiladorAntLr.GramaticaParser$MethodAtribsContext.accept(GramaticaParser.java:624)
	at org.antlr.v4.runtime.tree.AbstractParseTreeVisitor.visitChildren(AbstractParseTreeVisitor.java:70)
	at compiladorAntLr.GramaticaBaseVisitor.visitTestes(GramaticaBaseVisitor.java:56)
	at compiladorAntLr.GramaticaParser$TestesContext.accept(GramaticaParser.java:359)
	at org.antlr.v4.runtime.tree.AbstractParseTreeVisitor.visitChildren(AbstractParseTreeVisitor.java:70)
	at compiladorAntLr.GramaticaBaseVisitor.visitMainStatement(GramaticaBaseVisitor.java:49)
	at compiladorAntLr.GramaticaParser$MainStatementContext.accept(GramaticaParser.java:294)
	at org.antlr.v4.runtime.tree.AbstractParseTreeVisitor.visit(AbstractParseTreeVisitor.java:42)
	at compilador.MyVisitor.visitTeste(MyVisitor.java:299)
	at compilador.MyVisitor.visitTeste(MyVisitor.java:1)
	at compiladorAntLr.GramaticaParser$TesteContext.accept(GramaticaParser.java:152)
	at org.antlr.v4.runtime.tree.AbstractParseTreeVisitor.visit(AbstractParseTreeVisitor.java:42)
	at compilador.Main.compile(Main.java:25)
	at compilador.TestesCompilador.compileAndRun(TestesCompilador.java:143)
	at compilador.TestesCompilador.compilingCode_throwsVariableAndValueOfDifferentTypesException_ifWritingValueInVariableOfDifferentType(TestesCompilador.java:93)
	at sun.reflect.NativeMethodAccessorImpl.invoke0(Native Method)
	at sun.reflect.NativeMethodAccessorImpl.invoke(NativeMethodAccessorImpl.java:57)
	at sun.reflect.DelegatingMethodAccessorImpl.invoke(DelegatingMethodAccessorImpl.java:43)
	at java.lang.reflect.Method.invoke(Method.java:606)
	at org.testng.internal.MethodInvocationHelper.invokeMethod(MethodInvocationHelper.java:85)
	at org.testng.internal.Invoker.invokeMethod(Invoker.java:648)
	at org.testng.internal.Invoker.invokeTestMethod(Invoker.java:834)
	at org.testng.internal.Invoker.invokeTestMethods(Invoker.java:1142)
	at org.testng.internal.TestMethodWorker.invokeTestMethods(TestMethodWorker.java:124)
	at org.testng.internal.TestMethodWorker.run(TestMethodWorker.java:108)
	at org.testng.TestRunner.privateRun(TestRunner.java:771)
	at org.testng.TestRunner.run(TestRunner.java:621)
	at org.testng.SuiteRunner.runTest(SuiteRunner.java:357)
	at org.testng.SuiteRunner.runSequentially(SuiteRunner.java:352)
	at org.testng.SuiteRunner.privateRun(SuiteRunner.java:310)
	at org.testng.SuiteRunner.run(SuiteRunner.java:259)
	at org.testng.SuiteRunnerWorker.runSuite(SuiteRunnerWorker.java:52)
	at org.testng.SuiteRunnerWorker.run(SuiteRunnerWorker.java:86)
	at org.testng.TestNG.runSuitesSequentially(TestNG.java:1176)
	at org.testng.TestNG.runSuitesLocally(TestNG.java:1101)
	at org.testng.TestNG.run(TestNG.java:1009)
	at org.testng.remote.RemoteTestNG.run(RemoteTestNG.java:111)
	at org.testng.remote.RemoteTestNG.initAndRun(RemoteTestNG.java:204)
	at org.testng.remote.RemoteTestNG.main(RemoteTestNG.java:175)
</div></td></tr></table><p class="totop"><a href="#summary">back to summary</a></p><h3 id="m4">compilador.TestesCompilador#runningCode_outputsExpectedText</h3><table class="result"><tr class="param"><th>Parameter #1</th><th>Parameter #2</th></tr><tr class="param stripe"><td>println(1+2);</td><td>3
</td></tr></table><p class="totop"><a href="#summary">back to summary</a></p><h3 id="m5">compilador.TestesCompilador#runningCode_outputsExpectedText</h3><table class="result"><tr class="param"><th>Parameter #1</th><th>Parameter #2</th></tr><tr class="param stripe"><td>int a; int b; a = 2; b = 5; println(a+b); </td><td>7
</td></tr></table><p class="totop"><a href="#summary">back to summary</a></p><h3 id="m6">compilador.TestesCompilador#runningCode_outputsExpectedText</h3><table class="result"><tr class="param"><th>Parameter #1</th><th>Parameter #2</th></tr><tr class="param stripe"><td>println(4*2);</td><td>8
</td></tr></table><p class="totop"><a href="#summary">back to summary</a></p><h3 id="m7">compilador.TestesCompilador#runningCode_outputsExpectedText</h3><table class="result"><tr class="param"><th>Parameter #1</th><th>Parameter #2</th></tr><tr class="param stripe"><td>program Programa{int b = 2;real function minhaFuncao(){int b= 2;real d =1.2;int a = 4;return b*d+a;}int a = 2;println(minhaFuncao()+a/b);}</td><td>7.4
</td></tr></table><p class="totop"><a href="#summary">back to summary</a></p><h3 id="m8">compilador.TestesCompilador#runningCode_outputsExpectedText</h3><table class="result"><tr class="param"><th>Parameter #1</th><th>Parameter #2</th></tr><tr class="param stripe"><td>int function randomNumber() { int a=10; int b=10; return a+b; } println(randomNumber());</td><td>20
</td></tr></table><p class="totop"><a href="#summary">back to summary</a></p><h3 id="m9">compilador.TestesCompilador#runningCode_outputsExpectedText</h3><table class="result"><tr class="param"><th>Parameter #1</th><th>Parameter #2</th></tr><tr class="param stripe"><td>println(3-2);</td><td>1
</td></tr></table><p class="totop"><a href="#summary">back to summary</a></p><h3 id="m10">compilador.TestesCompilador#runningCode_outputsExpectedText</h3><table class="result"><tr class="param"><th>Parameter #1</th><th>Parameter #2</th></tr><tr class="param stripe"><td>real a= 1.1;println(a);</td><td>1.1
</td></tr></table><p class="totop"><a href="#summary">back to summary</a></p><h3 id="m11">compilador.TestesCompilador#runningCode_outputsExpectedText</h3><table class="result"><tr class="param"><th>Parameter #1</th><th>Parameter #2</th></tr><tr class="param stripe"><td>real a =1.1; real b =1.1; println(a-b);</td><td>0.0
</td></tr></table><p class="totop"><a href="#summary">back to summary</a></p><h3 id="m12">compilador.TestesCompilador#runningCode_outputsExpectedText</h3><table class="result"><tr class="param"><th>Parameter #1</th><th>Parameter #2</th></tr><tr class="param stripe"><td>int foo; foo = 42; println(foo+2); </td><td>44
</td></tr></table><p class="totop"><a href="#summary">back to summary</a></p><h3 id="m13">compilador.TestesCompilador#runningCode_outputsExpectedText</h3><table class="result"><tr class="param"><th>Parameter #1</th><th>Parameter #2</th></tr><tr class="param stripe"><td>real a = 1.1; int b=2; println(a+b); </td><td>3.1
</td></tr></table><p class="totop"><a href="#summary">back to summary</a></p><h3 id="m14">compilador.TestesCompilador#runningCode_outputsExpectedText</h3><table class="result"><tr class="param"><th>Parameter #1</th><th>Parameter #2</th></tr><tr class="param stripe"><td>int foo; foo = 42; println(foo); </td><td>42
</td></tr></table><p class="totop"><a href="#summary">back to summary</a></p><h3 id="m15">compilador.TestesCompilador#runningCode_outputsExpectedText</h3><table class="result"><tr class="param"><th>Parameter #1</th><th>Parameter #2</th></tr><tr class="param stripe"><td>println(7/2);</td><td>3
</td></tr></table><p class="totop"><a href="#summary">back to summary</a></p><h3 id="m16">compilador.TestesCompilador#runningCode_outputsExpectedText</h3><table class="result"><tr class="param"><th>Parameter #1</th><th>Parameter #2</th></tr><tr class="param stripe"><td>int function randomNumber() { int a = 10; return a; } int a = 5; println(a);</td><td>5
</td></tr></table><p class="totop"><a href="#summary">back to summary</a></p><h3 id="m17">compilador.TestesCompilador#runningCode_outputsExpectedText</h3><table class="result"><tr class="param"><th>Parameter #1</th><th>Parameter #2</th></tr><tr class="param stripe"><td>println(2+3*3);</td><td>11
</td></tr></table><p class="totop"><a href="#summary">back to summary</a></p><h3 id="m18">compilador.TestesCompilador#runningCode_outputsExpectedText</h3><table class="result"><tr class="param"><th>Parameter #1</th><th>Parameter #2</th></tr><tr class="param stripe"><td>println(1+2+42); println(2*4+3);</td><td>45
11
</td></tr></table><p class="totop"><a href="#summary">back to summary</a></p><h3 id="m19">compilador.TestesCompilador#runningCode_outputsExpectedText</h3><table class="result"><tr class="param"><th>Parameter #1</th><th>Parameter #2</th></tr><tr class="param stripe"><td>int function randomNumber() { return 4; } println(randomNumber());</td><td>4
</td></tr></table><p class="totop"><a href="#summary">back to summary</a></p><h3 id="m20">compilador.TestesCompilador#runningCode_outputsExpectedText</h3><table class="result"><tr class="param"><th>Parameter #1</th><th>Parameter #2</th></tr><tr class="param stripe"><td>println(4/2);</td><td>2
</td></tr></table><p class="totop"><a href="#summary">back to summary</a></p><h3 id="m21">compilador.TestesCompilador#runningCode_outputsExpectedText</h3><table class="result"><tr class="param"><th>Parameter #1</th><th>Parameter #2</th></tr><tr class="param stripe"><td>println(9-2*3);</td><td>3
</td></tr></table><p class="totop"><a href="#summary">back to summary</a></p><h3 id="m22">compilador.TestesCompilador#runningCode_outputsExpectedText</h3><table class="result"><tr class="param"><th>Parameter #1</th><th>Parameter #2</th></tr><tr class="param stripe"><td>println(8-2+5);</td><td>11
</td></tr></table><p class="totop"><a href="#summary">back to summary</a></p><h3 id="m23">compilador.TestesCompilador#runningCode_outputsExpectedText</h3><table class="result"><tr class="param"><th>Parameter #1</th><th>Parameter #2</th></tr><tr class="param stripe"><td>int function randomNumber() { int a = 10; return a; } println(randomNumber());</td><td>10
</td></tr></table><p class="totop"><a href="#summary">back to summary</a></p><h3 id="m24">compilador.TestesCompilador#runningCode_outputsExpectedText</h3><table class="result"><tr class="param"><th>Parameter #1</th><th>Parameter #2</th></tr><tr class="param stripe"><td>println(8/2*4);</td><td>16
</td></tr></table><p class="totop"><a href="#summary">back to summary</a></p><h3 id="m25">compilador.TestesCompilador#runningCode_outputsExpectedText</h3><table class="result"><tr class="param"><th>Parameter #1</th><th>Parameter #2</th></tr><tr class="param stripe"><td>int function add(int a, int b, int c) { return a+b+c; } println(add(5,8, 10));</td><td>23
</td></tr></table><p class="totop"><a href="#summary">back to summary</a></p><h3 id="m26">compilador.TestesCompilador#runningCode_outputsExpectedText</h3><table class="result"><tr class="param"><th>Parameter #1</th><th>Parameter #2</th></tr><tr class="param stripe"><td>real a; a=3.1; println(1);</td><td>1
</td></tr></table><p class="totop"><a href="#summary">back to summary</a></p><h3 id="m27">compilador.TestesCompilador#runningCode_outputsExpectedText</h3><table class="result"><tr class="param"><th>Parameter #1</th><th>Parameter #2</th></tr><tr class="param stripe"><td>int a =10; println(a);</td><td>10
</td></tr></table><p class="totop"><a href="#summary">back to summary</a></p></body></html>